<?xml version="1.0" encoding="UTF-8"?>
<testsuite name="NumeralSystemConverterTest" tests="1" skipped="0" failures="1" errors="0" timestamp="2023-01-24T18:25:21" hostname="DESKTOP-77HAML8" time="2.289">
  <properties/>
  <testcase name="start" classname="NumeralSystemConverterTest" time="2.289">
    <failure message="java.lang.AssertionError: Wrong answer in test #6&#10;&#10;The fractional part of your conversion should only be 5 digits in length&#10;&#10;Please find below the output of your program during this failed test.&#10;Note that the '&gt;' character indicates the beginning of the input line.&#10;&#10;---&#10;&#10;Enter two numbers in format: {source base} {target base} (To quit type /exit)&#10;&gt; 2 5&#10;Enter number in base 2 to convert to base 5 (To go back type /back)&#10;&gt; 1011111101.10000&#10;Conversion result: 11030.22222&#10;Enter number in base 2 to convert to base 5 (To go back type /back)&#10;&gt; /back&#10;Enter two numbers in format: {source base} {target base} (To quit type /exit)&#10;&gt; 2 8&#10;Enter number in base 2 to convert to base 8 (To go back type /back)&#10;&gt; 11000111.11000&#10;Conversion result: 307.6&#10;Enter number in base 2 to convert to base 8 (To go back type /back)" type="java.lang.AssertionError">java.lang.AssertionError: Wrong answer in test #6

The fractional part of your conversion should only be 5 digits in length

Please find below the output of your program during this failed test.
Note that the '&gt;' character indicates the beginning of the input line.

---

Enter two numbers in format: {source base} {target base} (To quit type /exit)
&gt; 2 5
Enter number in base 2 to convert to base 5 (To go back type /back)
&gt; 1011111101.10000
Conversion result: 11030.22222
Enter number in base 2 to convert to base 5 (To go back type /back)
&gt; /back
Enter two numbers in format: {source base} {target base} (To quit type /exit)
&gt; 2 8
Enter number in base 2 to convert to base 8 (To go back type /back)
&gt; 11000111.11000
Conversion result: 307.6
Enter number in base 2 to convert to base 8 (To go back type /back)
	at org.junit.Assert.fail(Assert.java:89)
	at org.hyperskill.hstest.stage.StageTest.start(StageTest.java:203)
	at java.base/jdk.internal.reflect.NativeMethodAccessorImpl.invoke0(Native Method)
	at java.base/jdk.internal.reflect.NativeMethodAccessorImpl.invoke(NativeMethodAccessorImpl.java:77)
	at java.base/jdk.internal.reflect.DelegatingMethodAccessorImpl.invoke(DelegatingMethodAccessorImpl.java:43)
	at java.base/java.lang.reflect.Method.invoke(Method.java:568)
	at org.junit.runners.model.FrameworkMethod$1.runReflectiveCall(FrameworkMethod.java:59)
	at org.junit.internal.runners.model.ReflectiveCallable.run(ReflectiveCallable.java:12)
	at org.junit.runners.model.FrameworkMethod.invokeExplosively(FrameworkMethod.java:56)
	at org.junit.internal.runners.statements.InvokeMethod.evaluate(InvokeMethod.java:17)
	at org.junit.runners.ParentRunner$3.evaluate(ParentRunner.java:306)
	at org.junit.runners.BlockJUnit4ClassRunner$1.evaluate(BlockJUnit4ClassRunner.java:100)
	at org.junit.runners.ParentRunner.runLeaf(ParentRunner.java:366)
	at org.junit.runners.BlockJUnit4ClassRunner.runChild(BlockJUnit4ClassRunner.java:103)
	at org.junit.runners.BlockJUnit4ClassRunner.runChild(BlockJUnit4ClassRunner.java:63)
	at org.junit.runners.ParentRunner$4.run(ParentRunner.java:331)
	at org.junit.runners.ParentRunner$1.schedule(ParentRunner.java:79)
	at org.junit.runners.ParentRunner.runChildren(ParentRunner.java:329)
	at org.junit.runners.ParentRunner.access$100(ParentRunner.java:66)
	at org.junit.runners.ParentRunner$2.evaluate(ParentRunner.java:293)
	at org.junit.runners.ParentRunner$3.evaluate(ParentRunner.java:306)
	at org.junit.runners.ParentRunner.run(ParentRunner.java:413)
	at org.gradle.api.internal.tasks.testing.junit.JUnitTestClassExecutor.runTestClass(JUnitTestClassExecutor.java:110)
	at org.gradle.api.internal.tasks.testing.junit.JUnitTestClassExecutor.execute(JUnitTestClassExecutor.java:58)
	at org.gradle.api.internal.tasks.testing.junit.JUnitTestClassExecutor.execute(JUnitTestClassExecutor.java:38)
	at org.gradle.api.internal.tasks.testing.junit.AbstractJUnitTestClassProcessor.processTestClass(AbstractJUnitTestClassProcessor.java:62)
	at org.gradle.api.internal.tasks.testing.SuiteTestClassProcessor.processTestClass(SuiteTestClassProcessor.java:51)
	at java.base/jdk.internal.reflect.NativeMethodAccessorImpl.invoke0(Native Method)
	at java.base/jdk.internal.reflect.NativeMethodAccessorImpl.invoke(NativeMethodAccessorImpl.java:77)
	at java.base/jdk.internal.reflect.DelegatingMethodAccessorImpl.invoke(DelegatingMethodAccessorImpl.java:43)
	at java.base/java.lang.reflect.Method.invoke(Method.java:568)
	at org.gradle.internal.dispatch.ReflectionDispatch.dispatch(ReflectionDispatch.java:36)
	at org.gradle.internal.dispatch.ReflectionDispatch.dispatch(ReflectionDispatch.java:24)
	at org.gradle.internal.dispatch.ContextClassLoaderDispatch.dispatch(ContextClassLoaderDispatch.java:33)
	at org.gradle.internal.dispatch.ProxyDispatchAdapter$DispatchingInvocationHandler.invoke(ProxyDispatchAdapter.java:94)
	at jdk.proxy1/jdk.proxy1.$Proxy2.processTestClass(Unknown Source)
	at org.gradle.api.internal.tasks.testing.worker.TestWorker$2.run(TestWorker.java:176)
	at org.gradle.api.internal.tasks.testing.worker.TestWorker.executeAndMaintainThreadName(TestWorker.java:129)
	at org.gradle.api.internal.tasks.testing.worker.TestWorker.execute(TestWorker.java:100)
	at org.gradle.api.internal.tasks.testing.worker.TestWorker.execute(TestWorker.java:60)
	at org.gradle.process.internal.worker.child.ActionExecutionWorker.execute(ActionExecutionWorker.java:56)
	at org.gradle.process.internal.worker.child.SystemApplicationClassLoaderWorker.call(SystemApplicationClassLoaderWorker.java:133)
	at org.gradle.process.internal.worker.child.SystemApplicationClassLoaderWorker.call(SystemApplicationClassLoaderWorker.java:71)
	at worker.org.gradle.process.internal.worker.GradleWorkerMain.run(GradleWorkerMain.java:69)
	at worker.org.gradle.process.internal.worker.GradleWorkerMain.main(GradleWorkerMain.java:74)
</failure>
  </testcase>
  <system-out><![CDATA[?[1;31m
Start test 1?[0m
Enter two numbers in format: {source base} {target base} (To quit type /exit)
> /exit
?[1;31m
Start test 2?[0m
Enter two numbers in format: {source base} {target base} (To quit type /exit)
> 10 2
Enter number in base 10 to convert to base 2 (To go back type /back)
> 742
Conversion result: 1011100110
Enter number in base 10 to convert to base 2 (To go back type /back)
?[1;31m
Start test 3?[0m
Enter two numbers in format: {source base} {target base} (To quit type /exit)
> 10 2
Enter number in base 10 to convert to base 2 (To go back type /back)
> 79
Conversion result: 1001111
Enter number in base 10 to convert to base 2 (To go back type /back)
> /back
Enter two numbers in format: {source base} {target base} (To quit type /exit)
> 10 8
Enter number in base 10 to convert to base 8 (To go back type /back)
> 723
Conversion result: 1323
Enter number in base 10 to convert to base 8 (To go back type /back)
> /back
Enter two numbers in format: {source base} {target base} (To quit type /exit)
> /exit
?[1;31m
Start test 4?[0m
Enter two numbers in format: {source base} {target base} (To quit type /exit)
> 2 2
Enter number in base 2 to convert to base 2 (To go back type /back)
> 100101100101010011010100011010100010011010100010
Conversion result: 100101100101010011010100011010100010011010100010
Enter number in base 2 to convert to base 2 (To go back type /back)
> /back
Enter two numbers in format: {source base} {target base} (To quit type /exit)
> 2 5
Enter number in base 2 to convert to base 5 (To go back type /back)
> 10110000110111011100110101010010111011000111111
Conversion result: 100221032334403344013
Enter number in base 2 to convert to base 5 (To go back type /back)
> /back
Enter two numbers in format: {source base} {target base} (To quit type /exit)
> 2 8
Enter number in base 2 to convert to base 8 (To go back type /back)
> 110001111010101011001000011110111010000000100101
Conversion result: 6172531036720045
Enter number in base 2 to convert to base 8 (To go back type /back)
> /back
Enter two numbers in format: {source base} {target base} (To quit type /exit)
> 2 11
Enter number in base 2 to convert to base 11 (To go back type /back)
> 1100110101110000011110010101100001011110110110010
Conversion result: 120A45935728855
Enter number in base 2 to convert to base 11 (To go back type /back)
> /back
Enter two numbers in format: {source base} {target base} (To quit type /exit)
> 2 14
Enter number in base 2 to convert to base 14 (To go back type /back)
> 1011001010011101011011000100110010001110111001000
Conversion result: 6CDC80B887B16
Enter number in base 2 to convert to base 14 (To go back type /back)
> /back
Enter two numbers in format: {source base} {target base} (To quit type /exit)
> 2 17
Enter number in base 2 to convert to base 17 (To go back type /back)
> 1110000111010001110011000101110110100001111001010
Conversion result: E857EF7334BF
Enter number in base 2 to convert to base 17 (To go back type /back)
> /back
Enter two numbers in format: {source base} {target base} (To quit type /exit)
> 2 20
Enter number in base 2 to convert to base 20 (To go back type /back)
> 1001001010010100100110011011101110001110100011000
Conversion result: 1B9B36CA547C
Enter number in base 2 to convert to base 20 (To go back type /back)
> /back
Enter two numbers in format: {source base} {target base} (To quit type /exit)
> 2 23
Enter number in base 2 to convert to base 23 (To go back type /back)
> 1110111010010000110101000001010010011101110101
Conversion result: 1D98JG4B9J6
Enter number in base 2 to convert to base 23 (To go back type /back)
> /back
Enter two numbers in format: {source base} {target base} (To quit type /exit)
> 2 26
Enter number in base 2 to convert to base 26 (To go back type /back)
> 1100110001111011000010001101001110011001111011101
Conversion result: 34L6F91DF2L
Enter number in base 2 to convert to base 26 (To go back type /back)
> /back
Enter two numbers in format: {source base} {target base} (To quit type /exit)
> 2 29
Enter number in base 2 to convert to base 29 (To go back type /back)
> 11111010000000101110100011001110110101010110101
Conversion result: 9DLPRHGQ5E
Enter number in base 2 to convert to base 29 (To go back type /back)
> /back
Enter two numbers in format: {source base} {target base} (To quit type /exit)
> 2 32
Enter number in base 2 to convert to base 32 (To go back type /back)
> 1011011000100000100010000100100100111111010000101
Conversion result: BC84894VK5
Enter number in base 2 to convert to base 32 (To go back type /back)
> /back
Enter two numbers in format: {source base} {target base} (To quit type /exit)
> 2 35
Enter number in base 2 to convert to base 35 (To go back type /back)
> 1011110010010000110100111101110101100011101
Conversion result: 2UOJFHMOO
Enter number in base 2 to convert to base 35 (To go back type /back)
> /back
Enter two numbers in format: {source base} {target base} (To quit type /exit)
> 5 2
Enter number in base 5 to convert to base 2 (To go back type /back)
> 422031321400300321333
Conversion result: 1100001010000101010011010101010000010011001101000
Enter number in base 5 to convert to base 2 (To go back type /back)
> /back
Enter two numbers in format: {source base} {target base} (To quit type /exit)
> 5 5
Enter number in base 5 to convert to base 5 (To go back type /back)
> 1000204001244023444112
Conversion result: 1000204001244023444112
Enter number in base 5 to convert to base 5 (To go back type /back)
> /back
Enter two numbers in format: {source base} {target base} (To quit type /exit)
> 5 8
Enter number in base 5 to convert to base 8 (To go back type /back)
> 442313114123121241431
Conversion result: 15231256757657104
Enter number in base 5 to convert to base 8 (To go back type /back)
> /back
Enter two numbers in format: {source base} {target base} (To quit type /exit)
> 5 11
Enter number in base 5 to convert to base 11 (To go back type /back)
> 243124242101414142410
Conversion result: 81129A20261A12
Enter number in base 5 to convert to base 11 (To go back type /back)
> /back
Enter two numbers in format: {source base} {target base} (To quit type /exit)
> 5 14
Enter number in base 5 to convert to base 14 (To go back type /back)
> 123102301123424100043
Conversion result: 2800B4D3BBA57
Enter number in base 5 to convert to base 14 (To go back type /back)
> /back
Enter two numbers in format: {source base} {target base} (To quit type /exit)
> 5 17
Enter number in base 5 to convert to base 17 (To go back type /back)
> 141143204144032000442
Conversion result: 52D3069B093F
Enter number in base 5 to convert to base 17 (To go back type /back)
> /back
Enter two numbers in format: {source base} {target base} (To quit type /exit)
> 5 20
Enter number in base 5 to convert to base 20 (To go back type /back)
> 202222142243122032221
Conversion result: JB2J6J3I031
Enter number in base 5 to convert to base 20 (To go back type /back)
> /back
Enter two numbers in format: {source base} {target base} (To quit type /exit)
> 5 23
Enter number in base 5 to convert to base 23 (To go back type /back)
> 422104211211003233112
Conversion result: A7G5BBHH77I
Enter number in base 5 to convert to base 23 (To go back type /back)
> /back
Enter two numbers in format: {source base} {target base} (To quit type /exit)
> 5 26
Enter number in base 5 to convert to base 26 (To go back type /back)
> 324034204330104020201
Conversion result: 2AGG79O2OA6
Enter number in base 5 to convert to base 26 (To go back type /back)
> /back
Enter two numbers in format: {source base} {target base} (To quit type /exit)
> 5 29
Enter number in base 5 to convert to base 29 (To go back type /back)
> 231422414300110221403
Conversion result: HH54LNBI9J
Enter number in base 5 to convert to base 29 (To go back type /back)
> /back
Enter two numbers in format: {source base} {target base} (To quit type /exit)
> 5 32
Enter number in base 5 to convert to base 32 (To go back type /back)
> 10342411242434032131
Conversion result: K20MLGOA1
Enter number in base 5 to convert to base 32 (To go back type /back)
> /back
Enter two numbers in format: {source base} {target base} (To quit type /exit)
> 5 35
Enter number in base 5 to convert to base 35 (To go back type /back)
> 443320413221121230322
Conversion result: 5YIFBJBF2H
Enter number in base 5 to convert to base 35 (To go back type /back)
> /back
Enter two numbers in format: {source base} {target base} (To quit type /exit)
> 8 2
Enter number in base 8 to convert to base 2 (To go back type /back)
> 12641072423427202
Conversion result: 1010110100001000111010100010011100010111010000010
Enter number in base 8 to convert to base 2 (To go back type /back)
> /back
Enter two numbers in format: {source base} {target base} (To quit type /exit)
> 8 5
Enter number in base 8 to convert to base 5 (To go back type /back)
> 2742723531517573
Conversion result: 102033113202334124341
Enter number in base 8 to convert to base 5 (To go back type /back)
> /back
Enter two numbers in format: {source base} {target base} (To quit type /exit)
> 8 8
Enter number in base 8 to convert to base 8 (To go back type /back)
> 13503523376735077
Conversion result: 13503523376735077
Enter number in base 8 to convert to base 8 (To go back type /back)
> /back
Enter two numbers in format: {source base} {target base} (To quit type /exit)
> 8 11
Enter number in base 8 to convert to base 11 (To go back type /back)
> 5742243400411413
Conversion result: 6068470A412A63
Enter number in base 8 to convert to base 11 (To go back type /back)
> /back
Enter two numbers in format: {source base} {target base} (To quit type /exit)
> 8 14
Enter number in base 8 to convert to base 14 (To go back type /back)
> 15042565255135462
Conversion result: 81778C845D53C
Enter number in base 8 to convert to base 14 (To go back type /back)
> /back
Enter two numbers in format: {source base} {target base} (To quit type /exit)
> 8 17
Enter number in base 8 to convert to base 17 (To go back type /back)
> 13362351305610561
Conversion result: BD425G6GC615
Enter number in base 8 to convert to base 17 (To go back type /back)
> /back
Enter two numbers in format: {source base} {target base} (To quit type /exit)
> 8 20
Enter number in base 8 to convert to base 20 (To go back type /back)
> 10413633066654001
Conversion result: 195DJHECHAE9
Enter number in base 8 to convert to base 20 (To go back type /back)
> /back
Enter two numbers in format: {source base} {target base} (To quit type /exit)
> 8 23
Enter number in base 8 to convert to base 23 (To go back type /back)
> 6071514675227756
Conversion result: 5497E7A0HMF
Enter number in base 8 to convert to base 23 (To go back type /back)
> /back
Enter two numbers in format: {source base} {target base} (To quit type /exit)
> 8 26
Enter number in base 8 to convert to base 26 (To go back type /back)
> 2243062041525122
Conversion result: F0GI9FA4L0
Enter number in base 8 to convert to base 26 (To go back type /back)
> /back
Enter two numbers in format: {source base} {target base} (To quit type /exit)
> 8 29
Enter number in base 8 to convert to base 29 (To go back type /back)
> 10467147316667427
Conversion result: KPC7I1OHA1
Enter number in base 8 to convert to base 29 (To go back type /back)
> /back
Enter two numbers in format: {source base} {target base} (To quit type /exit)
> 8 32
Enter number in base 8 to convert to base 32 (To go back type /back)
> 14563567316507131
Conversion result: CN7ETJL3IP
Enter number in base 8 to convert to base 32 (To go back type /back)
> /back
Enter two numbers in format: {source base} {target base} (To quit type /exit)
> 8 35
Enter number in base 8 to convert to base 35 (To go back type /back)
> 4710036345116445
Conversion result: 26EIOI4E2J
Enter number in base 8 to convert to base 35 (To go back type /back)
> /back
Enter two numbers in format: {source base} {target base} (To quit type /exit)
> 11 2
Enter number in base 11 to convert to base 2 (To go back type /back)
> 42792a40070aa0
Conversion result: 100001010101011000110010100001101101111110011111
Enter number in base 11 to convert to base 2 (To go back type /back)
> /back
Enter two numbers in format: {source base} {target base} (To quit type /exit)
> 11 5
Enter number in base 11 to convert to base 5 (To go back type /back)
> 905635a8246209
Conversion result: 311413120023000012434
Enter number in base 11 to convert to base 5 (To go back type /back)
> /back
Enter two numbers in format: {source base} {target base} (To quit type /exit)
> 11 8
Enter number in base 11 to convert to base 8 (To go back type /back)
> 74a838a0979629
Conversion result: 7237746405326030
Enter number in base 11 to convert to base 8 (To go back type /back)
> /back
Enter two numbers in format: {source base} {target base} (To quit type /exit)
> 11 11
Enter number in base 11 to convert to base 11 (To go back type /back)
> 11a7356493a7a32
Conversion result: 11A7356493A7A32
Enter number in base 11 to convert to base 11 (To go back type /back)
> /back
Enter two numbers in format: {source base} {target base} (To quit type /exit)
> 11 14
Enter number in base 11 to convert to base 14 (To go back type /back)
> 44324491698227
Conversion result: 295D9756A71BB
Enter number in base 11 to convert to base 14 (To go back type /back)
> /back
Enter two numbers in format: {source base} {target base} (To quit type /exit)
> 11 17
Enter number in base 11 to convert to base 17 (To go back type /back)
> a53488aa189408
Conversion result: A98CAD15E268
Enter number in base 11 to convert to base 17 (To go back type /back)
> /back
Enter two numbers in format: {source base} {target base} (To quit type /exit)
> 11 20
Enter number in base 11 to convert to base 20 (To go back type /back)
> 284689247190a4
Conversion result: 96967AFJEAE
Enter number in base 11 to convert to base 20 (To go back type /back)
> /back
Enter two numbers in format: {source base} {target base} (To quit type /exit)
> 11 23
Enter number in base 11 to convert to base 23 (To go back type /back)
> 8726152a63a63
Conversion result: F1M2MCFB3A
Enter number in base 11 to convert to base 23 (To go back type /back)
> /back
Enter two numbers in format: {source base} {target base} (To quit type /exit)
> 11 26
Enter number in base 11 to convert to base 26 (To go back type /back)
> 110a1749622159
Conversion result: 6PFK9F9NJM
Enter number in base 11 to convert to base 26 (To go back type /back)
> /back
Enter two numbers in format: {source base} {target base} (To quit type /exit)
> 11 29
Enter number in base 11 to convert to base 29 (To go back type /back)
> 3873a909698004
Conversion result: 90C80HAOAI
Enter number in base 11 to convert to base 29 (To go back type /back)
> /back
Enter two numbers in format: {source base} {target base} (To quit type /exit)
> 11 32
Enter number in base 11 to convert to base 32 (To go back type /back)
> aaa33891765914
Conversion result: AP6CM7P7S0
Enter number in base 11 to convert to base 32 (To go back type /back)
> /back
Enter two numbers in format: {source base} {target base} (To quit type /exit)
> 11 35
Enter number in base 11 to convert to base 35 (To go back type /back)
> 109799573737970
Conversion result: 576BM6XIP8
Enter number in base 11 to convert to base 35 (To go back type /back)
> /back
Enter two numbers in format: {source base} {target base} (To quit type /exit)
> 14 2
Enter number in base 14 to convert to base 2 (To go back type /back)
> 73b07994a668a
Conversion result: 1011101101110010010011100110110101001111001000010
Enter number in base 14 to convert to base 2 (To go back type /back)
> /back
Enter two numbers in format: {source base} {target base} (To quit type /exit)
> 14 5
Enter number in base 14 to convert to base 5 (To go back type /back)
> 79b5dc4144dc0
Conversion result: 424211400324010321204
Enter number in base 14 to convert to base 5 (To go back type /back)
> /back
Enter two numbers in format: {source base} {target base} (To quit type /exit)
> 14 8
Enter number in base 14 to convert to base 8 (To go back type /back)
> 666a01435708
Conversion result: 574662004675354
Enter number in base 14 to convert to base 8 (To go back type /back)
> /back
Enter two numbers in format: {source base} {target base} (To quit type /exit)
> 14 11
Enter number in base 14 to convert to base 11 (To go back type /back)
> 3515c5636717
Conversion result: 4383048541661
Enter number in base 14 to convert to base 11 (To go back type /back)
> /back
Enter two numbers in format: {source base} {target base} (To quit type /exit)
> 14 14
Enter number in base 14 to convert to base 14 (To go back type /back)
> 3b3063a36163c
Conversion result: 3B3063A36163C
Enter number in base 14 to convert to base 14 (To go back type /back)
> /back
Enter two numbers in format: {source base} {target base} (To quit type /exit)
> 14 17
Enter number in base 14 to convert to base 17 (To go back type /back)
> 47195c11707a4
Conversion result: 77D71E6CE713
Enter number in base 14 to convert to base 17 (To go back type /back)
> /back
Enter two numbers in format: {source base} {target base} (To quit type /exit)
> 14 20
Enter number in base 14 to convert to base 20 (To go back type /back)
> 9419d05b9d46
Conversion result: 3DA506G6462
Enter number in base 14 to convert to base 20 (To go back type /back)
> /back
Enter two numbers in format: {source base} {target base} (To quit type /exit)
> 14 23
Enter number in base 14 to convert to base 23 (To go back type /back)
> 1d6753a600999
Conversion result: 2FH752985J0
Enter number in base 14 to convert to base 23 (To go back type /back)
> /back
Enter two numbers in format: {source base} {target base} (To quit type /exit)
> 14 26
Enter number in base 14 to convert to base 26 (To go back type /back)
> 1ddd675c065c5
Conversion result: KMNP6C8FJ7
Enter number in base 14 to convert to base 26 (To go back type /back)
> /back
Enter two numbers in format: {source base} {target base} (To quit type /exit)
> 14 29
Enter number in base 14 to convert to base 29 (To go back type /back)
> 6d2782db204c3
Conversion result: R3K7BGC469
Enter number in base 14 to convert to base 29 (To go back type /back)
> /back
Enter two numbers in format: {source base} {target base} (To quit type /exit)
> 14 32
Enter number in base 14 to convert to base 32 (To go back type /back)
> 5c3d142c01957
Conversion result: 9F1F3T8TF9
Enter number in base 14 to convert to base 32 (To go back type /back)
> /back
Enter two numbers in format: {source base} {target base} (To quit type /exit)
> 14 35
Enter number in base 14 to convert to base 35 (To go back type /back)
> 28d5137851020
Conversion result: 1VFX5DMO3L
Enter number in base 14 to convert to base 35 (To go back type /back)
> /back
Enter two numbers in format: {source base} {target base} (To quit type /exit)
> 17 2
Enter number in base 17 to convert to base 2 (To go back type /back)
> 13c5a2279a57
Conversion result: 1001100000000000011111010001001010001111011001
Enter number in base 17 to convert to base 2 (To go back type /back)
> /back
Enter two numbers in format: {source base} {target base} (To quit type /exit)
> 17 5
Enter number in base 17 to convert to base 5 (To go back type /back)
> 863af8393709
Conversion result: 300034320230104320322
Enter number in base 17 to convert to base 5 (To go back type /back)
> /back
Enter two numbers in format: {source base} {target base} (To quit type /exit)
> 17 8
Enter number in base 17 to convert to base 8 (To go back type /back)
> 5dg22658d891
Conversion result: 5526637650364630
Enter number in base 17 to convert to base 8 (To go back type /back)
> /back
Enter two numbers in format: {source base} {target base} (To quit type /exit)
> 17 11
Enter number in base 17 to convert to base 11 (To go back type /back)
> 5be98a60ef2c
Conversion result: 5724214A560356
Enter number in base 17 to convert to base 11 (To go back type /back)
> /back
Enter two numbers in format: {source base} {target base} (To quit type /exit)
> 17 14
Enter number in base 17 to convert to base 14 (To go back type /back)
> 75c451g1g4d8
Conversion result: 4613820841D48
Enter number in base 17 to convert to base 14 (To go back type /back)
> /back
Enter two numbers in format: {source base} {target base} (To quit type /exit)
> 17 17
Enter number in base 17 to convert to base 17 (To go back type /back)
> c9b9ggb53aa0
Conversion result: C9B9GGB53AA0
Enter number in base 17 to convert to base 17 (To go back type /back)
> /back
Enter two numbers in format: {source base} {target base} (To quit type /exit)
> 17 20
Enter number in base 17 to convert to base 20 (To go back type /back)
> 16c593a5a9f
Conversion result: 59I101HGAD
Enter number in base 17 to convert to base 20 (To go back type /back)
> /back
Enter two numbers in format: {source base} {target base} (To quit type /exit)
> 17 23
Enter number in base 17 to convert to base 23 (To go back type /back)
> 5b0ea2b3b5b1
Conversion result: 4FBF9CI38L4
Enter number in base 17 to convert to base 23 (To go back type /back)
> /back
Enter two numbers in format: {source base} {target base} (To quit type /exit)
> 17 26
Enter number in base 17 to convert to base 26 (To go back type /back)
> cc9113a8a5b3
Conversion result: 32AA1LBGK1B
Enter number in base 17 to convert to base 26 (To go back type /back)
> /back
Enter two numbers in format: {source base} {target base} (To quit type /exit)
> 17 29
Enter number in base 17 to convert to base 29 (To go back type /back)
> 2bf93gf71233
Conversion result: 6B1067C64E
Enter number in base 17 to convert to base 29 (To go back type /back)
> /back
Enter two numbers in format: {source base} {target base} (To quit type /exit)
> 17 32
Enter number in base 17 to convert to base 32 (To go back type /back)
> 58c9e87c0e9f
Conversion result: 5BS0JID5E1
Enter number in base 17 to convert to base 32 (To go back type /back)
> /back
Enter two numbers in format: {source base} {target base} (To quit type /exit)
> 17 35
Enter number in base 17 to convert to base 35 (To go back type /back)
> 8d411afef3d8
Conversion result: 3SL7VTM07D
Enter number in base 17 to convert to base 35 (To go back type /back)
> /back
Enter two numbers in format: {source base} {target base} (To quit type /exit)
> /exit
?[1;31m
Start test 5?[0m
Enter two numbers in format: {source base} {target base} (To quit type /exit)
> 19 2
Enter number in base 19 to convert to base 2 (To go back type /back)
> 3c46ad0bddci
Conversion result: 1100000100000011111111011101100010110001101000111
Enter number in base 19 to convert to base 2 (To go back type /back)
> /back
Enter two numbers in format: {source base} {target base} (To quit type /exit)
> 19 5
Enter number in base 19 to convert to base 5 (To go back type /back)
> 35h80aa2245f
Conversion result: 401030044214142032242
Enter number in base 19 to convert to base 5 (To go back type /back)
> /back
Enter two numbers in format: {source base} {target base} (To quit type /exit)
> 19 8
Enter number in base 19 to convert to base 8 (To go back type /back)
> 2a07id443c94
Conversion result: 10274362335266056
Enter number in base 19 to convert to base 8 (To go back type /back)
> /back
Enter two numbers in format: {source base} {target base} (To quit type /exit)
> 19 11
Enter number in base 19 to convert to base 11 (To go back type /back)
> 413b759bbeia
Conversion result: 12787A756232082
Enter number in base 19 to convert to base 11 (To go back type /back)
> /back
Enter two numbers in format: {source base} {target base} (To quit type /exit)
> 19 14
Enter number in base 19 to convert to base 14 (To go back type /back)
> 3811bfffd688
Conversion result: 706D564AA4058
Enter number in base 19 to convert to base 14 (To go back type /back)
> /back
Enter two numbers in format: {source base} {target base} (To quit type /exit)
> 19 17
Enter number in base 19 to convert to base 17 (To go back type /back)
> i45a1g4ecff
Conversion result: 3474F20E7260
Enter number in base 19 to convert to base 17 (To go back type /back)
> /back
Enter two numbers in format: {source base} {target base} (To quit type /exit)
> 19 20
Enter number in base 19 to convert to base 20 (To go back type /back)
> 1cb3d0de85da
Conversion result: II58F789JC5
Enter number in base 19 to convert to base 20 (To go back type /back)
> /back
Enter two numbers in format: {source base} {target base} (To quit type /exit)
> 19 23
Enter number in base 19 to convert to base 23 (To go back type /back)
> 196geiib3i7i
Conversion result: 44CBM4919EF
Enter number in base 19 to convert to base 23 (To go back type /back)
> /back
Enter two numbers in format: {source base} {target base} (To quit type /exit)
> 19 26
Enter number in base 19 to convert to base 26 (To go back type /back)
> 316d107a90ih
Conversion result: 2DN4LOEM0DB
Enter number in base 19 to convert to base 26 (To go back type /back)
> /back
Enter two numbers in format: {source base} {target base} (To quit type /exit)
> 19 29
Enter number in base 19 to convert to base 29 (To go back type /back)
> 98g7h23ge3g
Conversion result: 400J0GFQHE
Enter number in base 19 to convert to base 29 (To go back type /back)
> /back
Enter two numbers in format: {source base} {target base} (To quit type /exit)
> 19 32
Enter number in base 19 to convert to base 32 (To go back type /back)
> 1geh6hbd684d
Conversion result: 67HC1AS9U2
Enter number in base 19 to convert to base 32 (To go back type /back)
> /back
Enter two numbers in format: {source base} {target base} (To quit type /exit)
> 19 35
Enter number in base 19 to convert to base 35 (To go back type /back)
> 306ae86ed248
Conversion result: 4G4LLE49C1
Enter number in base 19 to convert to base 35 (To go back type /back)
> /back
Enter two numbers in format: {source base} {target base} (To quit type /exit)
> 22 2
Enter number in base 22 to convert to base 2 (To go back type /back)
> 6fh45ih0hd8
Conversion result: 101000100100001111001110001100101110111001011010
Enter number in base 22 to convert to base 2 (To go back type /back)
> /back
Enter two numbers in format: {source base} {target base} (To quit type /exit)
> 22 5
Enter number in base 22 to convert to base 5 (To go back type /back)
> 31cegg3h3hf
Conversion result: 41143121141311212004
Enter number in base 22 to convert to base 5 (To go back type /back)
> /back
Enter two numbers in format: {source base} {target base} (To quit type /exit)
> 22 8
Enter number in base 22 to convert to base 8 (To go back type /back)
> gifh9ij58d2
Conversion result: 14560632041113750
Enter number in base 22 to convert to base 8 (To go back type /back)
> /back
Enter two numbers in format: {source base} {target base} (To quit type /exit)
> 22 11
Enter number in base 22 to convert to base 11 (To go back type /back)
> 4bj43afd7ic
Conversion result: 35466643177941
Enter number in base 22 to convert to base 11 (To go back type /back)
> /back
Enter two numbers in format: {source base} {target base} (To quit type /exit)
> 22 14
Enter number in base 22 to convert to base 14 (To go back type /back)
> 34b4740je28
Conversion result: 1703DB9DD0C16
Enter number in base 22 to convert to base 14 (To go back type /back)
> /back
Enter two numbers in format: {source base} {target base} (To quit type /exit)
> 22 17
Enter number in base 22 to convert to base 17 (To go back type /back)
> 8798k5lh42
Conversion result: 4GEG5C2A788
Enter number in base 22 to convert to base 17 (To go back type /back)
> /back
Enter two numbers in format: {source base} {target base} (To quit type /exit)
> 22 20
Enter number in base 22 to convert to base 20 (To go back type /back)
> a8e6g16kgbg
Conversion result: 16J2I2JD1A02
Enter number in base 22 to convert to base 20 (To go back type /back)
> /back
Enter two numbers in format: {source base} {target base} (To quit type /exit)
> 22 23
Enter number in base 22 to convert to base 23 (To go back type /back)
> a30ab9ebk16
Conversion result: 6BB4370KL74
Enter number in base 22 to convert to base 23 (To go back type /back)
> /back
Enter two numbers in format: {source base} {target base} (To quit type /exit)
> 22 26
Enter number in base 22 to convert to base 26 (To go back type /back)
> g77ahi7iif
Conversion result: 3GB38JK1KF
Enter number in base 22 to convert to base 26 (To go back type /back)
> /back
Enter two numbers in format: {source base} {target base} (To quit type /exit)
> 22 29
Enter number in base 22 to convert to base 29 (To go back type /back)
> h22f8ij487l
Conversion result: 128KLK2C6GR
Enter number in base 22 to convert to base 29 (To go back type /back)
> /back
Enter two numbers in format: {source base} {target base} (To quit type /exit)
> 22 32
Enter number in base 22 to convert to base 32 (To go back type /back)
> 2b69ceb0i7i
Conversion result: 1SMOGQR314
Enter number in base 22 to convert to base 32 (To go back type /back)
> /back
Enter two numbers in format: {source base} {target base} (To quit type /exit)
> 22 35
Enter number in base 22 to convert to base 35 (To go back type /back)
> 5cciedkcl2l
Conversion result: 1UP69IC47H
Enter number in base 22 to convert to base 35 (To go back type /back)
> /back
Enter two numbers in format: {source base} {target base} (To quit type /exit)
> 25 2
Enter number in base 25 to convert to base 2 (To go back type /back)
> 4252bg2e7o5
Conversion result: 1011000101001011101010110101010111001010111001100
Enter number in base 25 to convert to base 2 (To go back type /back)
> /back
Enter two numbers in format: {source base} {target base} (To quit type /exit)
> 25 5
Enter number in base 25 to convert to base 5 (To go back type /back)
> 525j89kl61k
Conversion result: 1002103413144041110140
Enter number in base 25 to convert to base 5 (To go back type /back)
> /back
Enter two numbers in format: {source base} {target base} (To quit type /exit)
> 25 8
Enter number in base 25 to convert to base 8 (To go back type /back)
> 2982cb1795g
Conversion result: 6335111305035402
Enter number in base 25 to convert to base 8 (To go back type /back)
> /back
Enter two numbers in format: {source base} {target base} (To quit type /exit)
> 25 11
Enter number in base 25 to convert to base 11 (To go back type /back)
> 4n137d6m6f6
Conversion result: 126617174A40485
Enter number in base 25 to convert to base 11 (To go back type /back)
> /back
Enter two numbers in format: {source base} {target base} (To quit type /exit)
> 25 14
Enter number in base 25 to convert to base 14 (To go back type /back)
> 2fmfo2i2d19
Conversion result: 46124191B2799
Enter number in base 25 to convert to base 14 (To go back type /back)
> /back
Enter two numbers in format: {source base} {target base} (To quit type /exit)
> 25 17
Enter number in base 25 to convert to base 17 (To go back type /back)
> efclbfg7e3
Conversion result: 1AB549G872FG
Enter number in base 25 to convert to base 17 (To go back type /back)
> /back
Enter two numbers in format: {source base} {target base} (To quit type /exit)
> 25 20
Enter number in base 25 to convert to base 20 (To go back type /back)
> 2ee54bcf3fo
Conversion result: 141189E7489J
Enter number in base 25 to convert to base 20 (To go back type /back)
> /back
Enter two numbers in format: {source base} {target base} (To quit type /exit)
> 25 23
Enter number in base 25 to convert to base 23 (To go back type /back)
> 424l042il54
Conversion result: 99A1EJ8307B
Enter number in base 25 to convert to base 23 (To go back type /back)
> /back
Enter two numbers in format: {source base} {target base} (To quit type /exit)
> 25 26
Enter number in base 25 to convert to base 26 (To go back type /back)
> 24dgd2e898l
Conversion result: 1C8AJH9C6J8
Enter number in base 25 to convert to base 26 (To go back type /back)
> /back
Enter two numbers in format: {source base} {target base} (To quit type /exit)
> 25 29
Enter number in base 25 to convert to base 29 (To go back type /back)
> 543dl7om6cg
Conversion result: 14RMRBBGOOI
Enter number in base 25 to convert to base 29 (To go back type /back)
> /back
Enter two numbers in format: {source base} {target base} (To quit type /exit)
> 25 32
Enter number in base 25 to convert to base 32 (To go back type /back)
> 18dg8ll5m16
Conversion result: 3KCBTO04U2
Enter number in base 25 to convert to base 32 (To go back type /back)
> /back
Enter two numbers in format: {source base} {target base} (To quit type /exit)
> 25 35
Enter number in base 25 to convert to base 35 (To go back type /back)
> 39e3noo0hn1
Conversion result: 438XQV5HAQ
Enter number in base 25 to convert to base 35 (To go back type /back)
> /back
Enter two numbers in format: {source base} {target base} (To quit type /exit)
> 28 2
Enter number in base 28 to convert to base 2 (To go back type /back)
> 1ejdpmolkbi
Conversion result: 1100110101100100010010011100110100001011101000110
Enter number in base 28 to convert to base 2 (To go back type /back)
> /back
Enter two numbers in format: {source base} {target base} (To quit type /exit)
> 28 5
Enter number in base 28 to convert to base 5 (To go back type /back)
> ka7mchdlho
Conversion result: 211214433013023214300
Enter number in base 28 to convert to base 5 (To go back type /back)
> /back
Enter two numbers in format: {source base} {target base} (To quit type /exit)
> 28 8
Enter number in base 28 to convert to base 8 (To go back type /back)
> 16elqd9qabk
Conversion result: 12303101565305150
Enter number in base 28 to convert to base 8 (To go back type /back)
> /back
Enter two numbers in format: {source base} {target base} (To quit type /exit)
> 28 11
Enter number in base 28 to convert to base 11 (To go back type /back)
> 1gi4kilq3gg
Conversion result: 127549300963AA7
Enter number in base 28 to convert to base 11 (To go back type /back)
> /back
Enter two numbers in format: {source base} {target base} (To quit type /exit)
> 28 14
Enter number in base 28 to convert to base 14 (To go back type /back)
> 2ghp592id6
Conversion result: 6AC3922573C6
Enter number in base 28 to convert to base 14 (To go back type /back)
> /back
Enter two numbers in format: {source base} {target base} (To quit type /exit)
> 28 17
Enter number in base 28 to convert to base 17 (To go back type /back)
> 15eqniqarah
Conversion result: A5G65A9CE099
Enter number in base 28 to convert to base 17 (To go back type /back)
> /back
Enter two numbers in format: {source base} {target base} (To quit type /exit)
> 28 20
Enter number in base 28 to convert to base 20 (To go back type /back)
> 1j00633r9dg
Conversion result: 28B19JC5380C
Enter number in base 28 to convert to base 20 (To go back type /back)
> /back
Enter two numbers in format: {source base} {target base} (To quit type /exit)
> 28 23
Enter number in base 28 to convert to base 23 (To go back type /back)
> 1gnbhr8fjlr
Conversion result: BA7DK6BG23K
Enter number in base 28 to convert to base 23 (To go back type /back)
> /back
Enter two numbers in format: {source base} {target base} (To quit type /exit)
> 28 26
Enter number in base 28 to convert to base 26 (To go back type /back)
> 4cr2pc594f
Conversion result: 8I2718D82J
Enter number in base 28 to convert to base 26 (To go back type /back)
> /back
Enter two numbers in format: {source base} {target base} (To quit type /exit)
> 28 29
Enter number in base 28 to convert to base 29 (To go back type /back)
> 1j622dke56
Conversion result: 16J3OD41RK
Enter number in base 28 to convert to base 29 (To go back type /back)
> /back
Enter two numbers in format: {source base} {target base} (To quit type /exit)
> 28 32
Enter number in base 28 to convert to base 32 (To go back type /back)
> j3l778110r
Conversion result: 5O2TRF1L7B
Enter number in base 28 to convert to base 32 (To go back type /back)
> /back
Enter two numbers in format: {source base} {target base} (To quit type /exit)
> 28 35
Enter number in base 28 to convert to base 35 (To go back type /back)
> mn23kf8mgf
Conversion result: 327NHVGJ7M
Enter number in base 28 to convert to base 35 (To go back type /back)
> /back
Enter two numbers in format: {source base} {target base} (To quit type /exit)
> 31 2
Enter number in base 31 to convert to base 2 (To go back type /back)
> 3iq6esrom9
Conversion result: 10101101100001000101101011010110010000100111001
Enter number in base 31 to convert to base 2 (To go back type /back)
> /back
Enter two numbers in format: {source base} {target base} (To quit type /exit)
> 31 5
Enter number in base 31 to convert to base 5 (To go back type /back)
> c0gi5aibq
Conversion result: 2320411244132003321
Enter number in base 31 to convert to base 5 (To go back type /back)
> /back
Enter two numbers in format: {source base} {target base} (To quit type /exit)
> 31 8
Enter number in base 31 to convert to base 8 (To go back type /back)
> 51jelnuac4
Conversion result: 3627743112161175
Enter number in base 31 to convert to base 8 (To go back type /back)
> /back
Enter two numbers in format: {source base} {target base} (To quit type /exit)
> 31 11
Enter number in base 31 to convert to base 11 (To go back type /back)
> ajdrcj2ea5
Conversion result: 815913098768A6
Enter number in base 31 to convert to base 11 (To go back type /back)
> /back
Enter two numbers in format: {source base} {target base} (To quit type /exit)
> 31 14
Enter number in base 31 to convert to base 14 (To go back type /back)
> 2o0pbrg63l
Conversion result: 141927C050571
Enter number in base 31 to convert to base 14 (To go back type /back)
> /back
Enter two numbers in format: {source base} {target base} (To quit type /exit)
> 31 17
Enter number in base 31 to convert to base 17 (To go back type /back)
> 7q4kul08nk
Conversion result: 60ECE5CECB56
Enter number in base 31 to convert to base 17 (To go back type /back)
> /back
Enter two numbers in format: {source base} {target base} (To quit type /exit)
> 31 20
Enter number in base 31 to convert to base 20 (To go back type /back)
> 2qb8m9830
Conversion result: 4EJ65DG219
Enter number in base 31 to convert to base 20 (To go back type /back)
> /back
Enter two numbers in format: {source base} {target base} (To quit type /exit)
> 31 23
Enter number in base 31 to convert to base 23 (To go back type /back)
> i91fkd0en8
Conversion result: BFBHG6GFBLM
Enter number in base 31 to convert to base 23 (To go back type /back)
> /back
Enter two numbers in format: {source base} {target base} (To quit type /exit)
> 31 26
Enter number in base 31 to convert to base 26 (To go back type /back)
> g224m959dp
Conversion result: 3065EI6L6J9
Enter number in base 31 to convert to base 26 (To go back type /back)
> /back
Enter two numbers in format: {source base} {target base} (To quit type /exit)
> 31 29
Enter number in base 31 to convert to base 29 (To go back type /back)
> 84u5cclppg
Conversion result: EP8OBBKEOB
Enter number in base 31 to convert to base 29 (To go back type /back)
> /back
Enter two numbers in format: {source base} {target base} (To quit type /exit)
> 31 32
Enter number in base 31 to convert to base 32 (To go back type /back)
> a54kmlm7l2
Conversion result: 7KEPC754O8
Enter number in base 31 to convert to base 32 (To go back type /back)
> /back
Enter two numbers in format: {source base} {target base} (To quit type /exit)
> 31 35
Enter number in base 31 to convert to base 35 (To go back type /back)
> hm7k5bkj06
Conversion result: 5X0VBHPVH7
Enter number in base 31 to convert to base 35 (To go back type /back)
> /back
Enter two numbers in format: {source base} {target base} (To quit type /exit)
> 34 2
Enter number in base 34 to convert to base 2 (To go back type /back)
> 7iv9h0kqut
Conversion result: 1101000010100100000100000111111100101011000000001
Enter number in base 34 to convert to base 2 (To go back type /back)
> /back
Enter two numbers in format: {source base} {target base} (To quit type /exit)
> 34 5
Enter number in base 34 to convert to base 5 (To go back type /back)
> 5618lp00xh
Conversion result: 312201031220212204421
Enter number in base 34 to convert to base 5 (To go back type /back)
> /back
Enter two numbers in format: {source base} {target base} (To quit type /exit)
> 34 8
Enter number in base 34 to convert to base 8 (To go back type /back)
> 20jfcc3u2f
Conversion result: 3365755621417743
Enter number in base 34 to convert to base 8 (To go back type /back)
> /back
Enter two numbers in format: {source base} {target base} (To quit type /exit)
> 34 11
Enter number in base 34 to convert to base 11 (To go back type /back)
> 4ne9qog146
Conversion result: 82791074735696
Enter number in base 34 to convert to base 11 (To go back type /back)
> /back
Enter two numbers in format: {source base} {target base} (To quit type /exit)
> 34 14
Enter number in base 34 to convert to base 14 (To go back type /back)
> 2mukb9jkfe
Conversion result: 2C12A5C3420A8
Enter number in base 34 to convert to base 14 (To go back type /back)
> /back
Enter two numbers in format: {source base} {target base} (To quit type /exit)
> 34 17
Enter number in base 34 to convert to base 17 (To go back type /back)
> 677kvldt22
Conversion result: B01D5D928E42
Enter number in base 34 to convert to base 17 (To go back type /back)
> /back
Enter two numbers in format: {source base} {target base} (To quit type /exit)
> 34 20
Enter number in base 34 to convert to base 20 (To go back type /back)
> 3v5a5xqm84
Conversion result: 1348CBJA8ED8
Enter number in base 34 to convert to base 20 (To go back type /back)
> /back
Enter two numbers in format: {source base} {target base} (To quit type /exit)
> 34 23
Enter number in base 34 to convert to base 23 (To go back type /back)
> 5d1vwfgp13
Conversion result: 7KB99M5GKLD
Enter number in base 34 to convert to base 23 (To go back type /back)
> /back
Enter two numbers in format: {source base} {target base} (To quit type /exit)
> 34 26
Enter number in base 34 to convert to base 26 (To go back type /back)
> 46ig1n9s2n
Conversion result: 1KMP2E91OHH
Enter number in base 34 to convert to base 26 (To go back type /back)
> /back
Enter two numbers in format: {source base} {target base} (To quit type /exit)
> 34 29
Enter number in base 34 to convert to base 29 (To go back type /back)
> 4kov6eqtgj
Conversion result: J8EMCLRBBI
Enter number in base 34 to convert to base 29 (To go back type /back)
> /back
Enter two numbers in format: {source base} {target base} (To quit type /exit)
> 34 32
Enter number in base 34 to convert to base 32 (To go back type /back)
> 81grl4rjag
Conversion result: DS6ECMK598
Enter number in base 34 to convert to base 32 (To go back type /back)
> /back
Enter two numbers in format: {source base} {target base} (To quit type /exit)
> 34 35
Enter number in base 34 to convert to base 35 (To go back type /back)
> 3s8i0cfsdf
Conversion result: 2XA7Y3TJLR
Enter number in base 34 to convert to base 35 (To go back type /back)
> /back
Enter two numbers in format: {source base} {target base} (To quit type /exit)
> /exit
?[1;31m
Start test 6?[0m
Enter two numbers in format: {source base} {target base} (To quit type /exit)
> 2 5
Enter number in base 2 to convert to base 5 (To go back type /back)
> 1011111101.10000
Conversion result: 11030.22222
Enter number in base 2 to convert to base 5 (To go back type /back)
> /back
Enter two numbers in format: {source base} {target base} (To quit type /exit)
> 2 8
Enter number in base 2 to convert to base 8 (To go back type /back)
> 11000111.11000
Conversion result: 307.6
Enter number in base 2 to convert to base 8 (To go back type /back)
]]></system-out>
  <system-err><![CDATA[]]></system-err>
</testsuite>
